  Application.cpp
C:\Users\tobyc\OneDrive - Staffordshire University\Year 2\Further Games and Graphical Concepts\Github\Semester 2 Graphics Continuation\Semester-2-Graphics-Continuation\DX11 Framework 2018\CubeObject.h(8,34): warning C4100: 'graphics': unreferenced formal parameter
C:\Users\tobyc\OneDrive - Staffordshire University\Year 2\Further Games and Graphical Concepts\Github\Semester 2 Graphics Continuation\Semester-2-Graphics-Continuation\DX11 Framework 2018\Application.cpp(480,14): warning C4129: '=': unrecognized character escape sequence
C:\Users\tobyc\OneDrive - Staffordshire University\Year 2\Further Games and Graphical Concepts\Github\Semester 2 Graphics Continuation\Semester-2-Graphics-Continuation\DX11 Framework 2018\Application.cpp(489,14): warning C4129: '=': unrecognized character escape sequence
C:\Users\tobyc\OneDrive - Staffordshire University\Year 2\Further Games and Graphical Concepts\Github\Semester 2 Graphics Continuation\Semester-2-Graphics-Continuation\DX11 Framework 2018\Application.cpp(495,14): warning C4129: '=': unrecognized character escape sequence
  ApplicationGraphics.cpp
C:\Users\tobyc\OneDrive - Staffordshire University\Year 2\Further Games and Graphical Concepts\Github\Semester 2 Graphics Continuation\Semester-2-Graphics-Continuation\DX11 Framework 2018\ApplicationGraphics.cpp(128,9): warning C4551: function call missing argument list
C:\Users\tobyc\OneDrive - Staffordshire University\Year 2\Further Games and Graphical Concepts\Github\Semester 2 Graphics Continuation\Semester-2-Graphics-Continuation\DX11 Framework 2018\ApplicationGraphics.cpp(133,9): warning C4551: function call missing argument list
C:\Users\tobyc\OneDrive - Staffordshire University\Year 2\Further Games and Graphical Concepts\Github\Semester 2 Graphics Continuation\Semester-2-Graphics-Continuation\DX11 Framework 2018\ApplicationGraphics.cpp(202): warning C4238: nonstandard extension used: class rvalue used as lvalue
C:\Users\tobyc\OneDrive - Staffordshire University\Year 2\Further Games and Graphical Concepts\Github\Semester 2 Graphics Continuation\Semester-2-Graphics-Continuation\DX11 Framework 2018\ApplicationGraphics.cpp(203): warning C4238: nonstandard extension used: class rvalue used as lvalue
C:\Users\tobyc\OneDrive - Staffordshire University\Year 2\Further Games and Graphical Concepts\Github\Semester 2 Graphics Continuation\Semester-2-Graphics-Continuation\DX11 Framework 2018\ApplicationGraphics.cpp(202,62): warning C4238: nonstandard extension used: class rvalue used as lvalue
C:\Users\tobyc\OneDrive - Staffordshire University\Year 2\Further Games and Graphical Concepts\Github\Semester 2 Graphics Continuation\Semester-2-Graphics-Continuation\DX11 Framework 2018\ApplicationGraphics.cpp(203,74): warning C4238: nonstandard extension used: class rvalue used as lvalue
  Camera.cpp
C:\Users\tobyc\OneDrive - Staffordshire University\Year 2\Further Games and Graphical Concepts\Github\Semester 2 Graphics Continuation\Semester-2-Graphics-Continuation\DX11 Framework 2018\Camera.cpp(80,14): warning C4244: 'return': conversion from 'double' to 'float', possible loss of data
  DDSTextureLoader.cpp
  DX11 Framework.cpp
C:\Users\tobyc\OneDrive - Staffordshire University\Year 2\Further Games and Graphical Concepts\Github\Semester 2 Graphics Continuation\Semester-2-Graphics-Continuation\DX11 Framework 2018\CubeObject.h(8,34): warning C4100: 'graphics': unreferenced formal parameter
  GroundPlane.cpp
C:\Users\tobyc\OneDrive - Staffordshire University\Year 2\Further Games and Graphical Concepts\Github\Semester 2 Graphics Continuation\Semester-2-Graphics-Continuation\DX11 Framework 2018\GroundPlane.cpp(58,27): warning C4244: '=': conversion from 'UINT' to '_Ty', possible loss of data
          with
          [
              _Ty=unsigned short
          ]
C:\Users\tobyc\OneDrive - Staffordshire University\Year 2\Further Games and Graphical Concepts\Github\Semester 2 Graphics Continuation\Semester-2-Graphics-Continuation\DX11 Framework 2018\GroundPlane.cpp(59,35): warning C4244: '=': conversion from 'UINT' to '_Ty', possible loss of data
          with
          [
              _Ty=unsigned short
          ]
C:\Users\tobyc\OneDrive - Staffordshire University\Year 2\Further Games and Graphical Concepts\Github\Semester 2 Graphics Continuation\Semester-2-Graphics-Continuation\DX11 Framework 2018\GroundPlane.cpp(60,37): warning C4244: '=': conversion from 'UINT' to '_Ty', possible loss of data
          with
          [
              _Ty=unsigned short
          ]
C:\Users\tobyc\OneDrive - Staffordshire University\Year 2\Further Games and Graphical Concepts\Github\Semester 2 Graphics Continuation\Semester-2-Graphics-Continuation\DX11 Framework 2018\GroundPlane.cpp(62,37): warning C4244: '=': conversion from 'UINT' to '_Ty', possible loss of data
          with
          [
              _Ty=unsigned short
          ]
C:\Users\tobyc\OneDrive - Staffordshire University\Year 2\Further Games and Graphical Concepts\Github\Semester 2 Graphics Continuation\Semester-2-Graphics-Continuation\DX11 Framework 2018\GroundPlane.cpp(63,35): warning C4244: '=': conversion from 'UINT' to '_Ty', possible loss of data
          with
          [
              _Ty=unsigned short
          ]
C:\Users\tobyc\OneDrive - Staffordshire University\Year 2\Further Games and Graphical Concepts\Github\Semester 2 Graphics Continuation\Semester-2-Graphics-Continuation\DX11 Framework 2018\GroundPlane.cpp(64,41): warning C4244: '=': conversion from 'UINT' to '_Ty', possible loss of data
          with
          [
              _Ty=unsigned short
          ]
C:\Users\tobyc\OneDrive - Staffordshire University\Year 2\Further Games and Graphical Concepts\Github\Semester 2 Graphics Continuation\Semester-2-Graphics-Continuation\DX11 Framework 2018\GroundPlane.cpp(15,8): warning C4189: 'du': local variable is initialized but not referenced
C:\Users\tobyc\OneDrive - Staffordshire University\Year 2\Further Games and Graphical Concepts\Github\Semester 2 Graphics Continuation\Semester-2-Graphics-Continuation\DX11 Framework 2018\GroundPlane.cpp(16,8): warning C4189: 'dv': local variable is initialized but not referenced
  imgui.cpp
  imgui_demo.cpp
  imgui_draw.cpp
  imgui_impl_dx11.cpp
  imgui_impl_win32.cpp
  imgui_tables.cpp
  imgui_widgets.cpp
  OBJLoader.cpp
  ParticleModel.cpp
  SceneObject.cpp
C:\Users\tobyc\OneDrive - Staffordshire University\Year 2\Further Games and Graphical Concepts\Github\Semester 2 Graphics Continuation\Semester-2-Graphics-Continuation\DX11 Framework 2018\SceneObject.cpp(33,43): warning C4238: nonstandard extension used: class rvalue used as lvalue
C:\Users\tobyc\OneDrive - Staffordshire University\Year 2\Further Games and Graphical Concepts\Github\Semester 2 Graphics Continuation\Semester-2-Graphics-Continuation\DX11 Framework 2018\SceneObject.cpp(76,20): warning C4018: '<': signed/unsigned mismatch
C:\Users\tobyc\OneDrive - Staffordshire University\Year 2\Further Games and Graphical Concepts\Github\Semester 2 Graphics Continuation\Semester-2-Graphics-Continuation\DX11 Framework 2018\SceneObject.cpp(85,66): warning C4239: nonstandard extension used: 'argument': conversion from 'DirectX::XMFLOAT4X4' to 'DirectX::XMFLOAT4X4 &'
C:\Users\tobyc\OneDrive - Staffordshire University\Year 2\Further Games and Graphical Concepts\Github\Semester 2 Graphics Continuation\Semester-2-Graphics-Continuation\DX11 Framework 2018\SceneObject.cpp(85,66): message : A non-const reference may only be bound to an lvalue
C:\Users\tobyc\OneDrive - Staffordshire University\Year 2\Further Games and Graphical Concepts\Github\Semester 2 Graphics Continuation\Semester-2-Graphics-Continuation\DX11 Framework 2018\SceneObject.cpp(91,66): warning C4239: nonstandard extension used: 'argument': conversion from 'DirectX::XMFLOAT4X4' to 'DirectX::XMFLOAT4X4 &'
C:\Users\tobyc\OneDrive - Staffordshire University\Year 2\Further Games and Graphical Concepts\Github\Semester 2 Graphics Continuation\Semester-2-Graphics-Continuation\DX11 Framework 2018\SceneObject.cpp(91,66): message : A non-const reference may only be bound to an lvalue
  SetUpGUI.cpp
  Time.cpp
C:\Users\tobyc\OneDrive - Staffordshire University\Year 2\Further Games and Graphical Concepts\Github\Semester 2 Graphics Continuation\Semester-2-Graphics-Continuation\DX11 Framework 2018\Time.cpp(38,14): warning C4244: '=': conversion from 'double' to '__int64', possible loss of data
  Transform.cpp
  Vector.cpp
C:\Program Files (x86)\Windows Kits\10\Include\10.0.18362.0\ucrt\tgmath.h(27): warning UCRT4000: The Universal CRT implementation of tgmath.h does not conform to the C99 standard. Functionality equivalent to the type-generic functions provided by tgmath.h is available in <ctgmath> when compiling as C++. If compiling in C++17 mode or higher (/std:c++17), this header will automatically include <ctgmath> instead. You can define _CRT_SILENCE_NONCONFORMING_TGMATH_H to acknowledge that you have received this warning.
C:\Users\tobyc\OneDrive - Staffordshire University\Year 2\Further Games and Graphical Concepts\Github\Semester 2 Graphics Continuation\Semester-2-Graphics-Continuation\DX11 Framework 2018\Vector.cpp(9,40): warning C4100: 'z': unreferenced formal parameter
C:\Users\tobyc\OneDrive - Staffordshire University\Year 2\Further Games and Graphical Concepts\Github\Semester 2 Graphics Continuation\Semester-2-Graphics-Continuation\DX11 Framework 2018\Vector.cpp(9,31): warning C4100: 'y': unreferenced formal parameter
C:\Users\tobyc\OneDrive - Staffordshire University\Year 2\Further Games and Graphical Concepts\Github\Semester 2 Graphics Continuation\Semester-2-Graphics-Continuation\DX11 Framework 2018\Vector.cpp(9,22): warning C4100: 'x': unreferenced formal parameter
C:\Users\tobyc\OneDrive - Staffordshire University\Year 2\Further Games and Graphical Concepts\Github\Semester 2 Graphics Continuation\Semester-2-Graphics-Continuation\DX11 Framework 2018\Vector.cpp(85,13): warning C4244: 'return': conversion from 'double' to 'float', possible loss of data
C:\Users\tobyc\OneDrive - Staffordshire University\Year 2\Further Games and Graphical Concepts\Github\Semester 2 Graphics Continuation\Semester-2-Graphics-Continuation\DX11 Framework 2018\Vector.cpp(111,38): warning C4100: 'vec': unreferenced formal parameter
  Generating Code...
C:\Users\tobyc\OneDrive - Staffordshire University\Year 2\Further Games and Graphical Concepts\Github\Semester 2 Graphics Continuation\Semester-2-Graphics-Continuation\DX11 Framework 2018\ApplicationGraphics.cpp(293): warning C4715: 'ApplicationGraphics::UpdateWireFrame': not all control paths return a value
Application.obj : warning LNK4075: ignoring '/EDITANDCONTINUE' due to '/SAFESEH' specification
  DX11 Framework.vcxproj -> C:\Users\tobyc\OneDrive - Staffordshire University\Year 2\Further Games and Graphical Concepts\Github\Semester 2 Graphics Continuation\Semester-2-Graphics-Continuation\DX11 Framework 2018\Debug\DX11 Framework.exe
