c:\users\tobyc\onedrive - staffordshire university\year 2\further games and graphical concepts\github\semester 2 graphics continuation\semester-2-graphics-continuation\dx11 framework 2018\debug\vc142.pdb
c:\users\tobyc\onedrive - staffordshire university\year 2\further games and graphical concepts\github\semester 2 graphics continuation\semester-2-graphics-continuation\dx11 framework 2018\debug\vc142.idb
c:\users\tobyc\onedrive - staffordshire university\year 2\further games and graphical concepts\github\semester 2 graphics continuation\semester-2-graphics-continuation\dx11 framework 2018\debug\particleforcegenerator.obj
c:\users\tobyc\onedrive - staffordshire university\year 2\further games and graphical concepts\github\semester 2 graphics continuation\semester-2-graphics-continuation\dx11 framework 2018\debug\objloader.obj
c:\users\tobyc\onedrive - staffordshire university\year 2\further games and graphical concepts\github\semester 2 graphics continuation\semester-2-graphics-continuation\dx11 framework 2018\debug\imgui_widgets.obj
c:\users\tobyc\onedrive - staffordshire university\year 2\further games and graphical concepts\github\semester 2 graphics continuation\semester-2-graphics-continuation\dx11 framework 2018\debug\imgui_tables.obj
c:\users\tobyc\onedrive - staffordshire university\year 2\further games and graphical concepts\github\semester 2 graphics continuation\semester-2-graphics-continuation\dx11 framework 2018\debug\imgui_impl_win32.obj
c:\users\tobyc\onedrive - staffordshire university\year 2\further games and graphical concepts\github\semester 2 graphics continuation\semester-2-graphics-continuation\dx11 framework 2018\debug\imgui_impl_dx11.obj
c:\users\tobyc\onedrive - staffordshire university\year 2\further games and graphical concepts\github\semester 2 graphics continuation\semester-2-graphics-continuation\dx11 framework 2018\debug\imgui_draw.obj
c:\users\tobyc\onedrive - staffordshire university\year 2\further games and graphical concepts\github\semester 2 graphics continuation\semester-2-graphics-continuation\dx11 framework 2018\debug\imgui_demo.obj
c:\users\tobyc\onedrive - staffordshire university\year 2\further games and graphical concepts\github\semester 2 graphics continuation\semester-2-graphics-continuation\dx11 framework 2018\debug\imgui.obj
c:\users\tobyc\onedrive - staffordshire university\year 2\further games and graphical concepts\github\semester 2 graphics continuation\semester-2-graphics-continuation\dx11 framework 2018\debug\ddstextureloader.obj
c:\users\tobyc\onedrive - staffordshire university\year 2\further games and graphical concepts\github\semester 2 graphics continuation\semester-2-graphics-continuation\dx11 framework 2018\debug\camera.obj
c:\users\tobyc\onedrive - staffordshire university\year 2\further games and graphical concepts\github\semester 2 graphics continuation\semester-2-graphics-continuation\dx11 framework 2018\debug\applicationgraphics.obj
c:\users\tobyc\onedrive - staffordshire university\year 2\further games and graphical concepts\github\semester 2 graphics continuation\semester-2-graphics-continuation\dx11 framework 2018\debug\appearance.obj
c:\users\tobyc\onedrive - staffordshire university\year 2\further games and graphical concepts\github\semester 2 graphics continuation\semester-2-graphics-continuation\dx11 framework 2018\debug\vector.obj
c:\users\tobyc\onedrive - staffordshire university\year 2\further games and graphical concepts\github\semester 2 graphics continuation\semester-2-graphics-continuation\dx11 framework 2018\debug\transform.obj
c:\users\tobyc\onedrive - staffordshire university\year 2\further games and graphical concepts\github\semester 2 graphics continuation\semester-2-graphics-continuation\dx11 framework 2018\debug\time.obj
c:\users\tobyc\onedrive - staffordshire university\year 2\further games and graphical concepts\github\semester 2 graphics continuation\semester-2-graphics-continuation\dx11 framework 2018\debug\setupgui.obj
c:\users\tobyc\onedrive - staffordshire university\year 2\further games and graphical concepts\github\semester 2 graphics continuation\semester-2-graphics-continuation\dx11 framework 2018\debug\particlemodel.obj
c:\users\tobyc\onedrive - staffordshire university\year 2\further games and graphical concepts\github\semester 2 graphics continuation\semester-2-graphics-continuation\dx11 framework 2018\debug\dx11 framework.tlog\cl.command.1.tlog
c:\users\tobyc\onedrive - staffordshire university\year 2\further games and graphical concepts\github\semester 2 graphics continuation\semester-2-graphics-continuation\dx11 framework 2018\debug\dx11 framework.tlog\cl.read.1.tlog
c:\users\tobyc\onedrive - staffordshire university\year 2\further games and graphical concepts\github\semester 2 graphics continuation\semester-2-graphics-continuation\dx11 framework 2018\debug\dx11 framework.tlog\cl.write.1.tlog
